1Spooled hardcopy from Macdopex
 Preset subject  5
 SET UP Male    AGED   80. YR. ,175. CM.  44. KG.
            ASPIRIN 600 MG PO TID  
 1.ASPIRIN       * 1.                 10.                 100.          
                  --I-------------------I--------------------I----------
 2.SALICYLATE    * 1.                 10.                 100.          
                  --I-------------------I--------------------I----------
 PRESC# DAY   HRS .            PLASMA DRUG(TOTAL)   (MG/L) -->
 A           0: 0
             1: 0 .                   1                    2
             2: 0 .   1                                 2
             3: 0 .                                 2
             4: 0 .                             2
             5: 0 .                         2
 A           6: 0 .                      2
             7: 0 .                   1                     2
             8: 0 .    1                                 2
             9: 0 .                                    2
            10: 0 .                                 2
            11: 0 .                               2
 A          12: 0 .                             2
 1.ASPIRIN       * 1.                 10.                 100.          
                  --I-------------------I--------------------I----------
 2.SALICYLATE    * 1.                 10.                 100.          
                  --I-------------------I--------------------I----------
 PRESC# DAY   HRS .            PLASMA DRUG(TOTAL)   (MG/L) -->
            13: 0 .                   1                      2
            14: 0 .    1                                   2
            15: 0 .                                      2
            16: 0 .                                    2
            17: 0 .                                  2
            18: 0 .                                2
            19: 0 .                              2
            20: 0 .                             2
            21: 0 .                           2
            22: 0 .                         2
            23: 0 .                      2
 A          24: 0 .                    2
 1.ASPIRIN       * 1.                 10.                 100.          
                  --I-------------------I--------------------I----------
 2.SALICYLATE    * 1.                 10.                 100.          
                  --I-------------------I--------------------I----------
 PRESC# DAY   HRS .            PLASMA DRUG(TOTAL)   (MG/L) -->
            25: 0 .                     1                   2
            26: 0 .    1                                  2
            27: 0 .                                    2
            28: 0 .                                  2
            29: 0 .                               2
 A          30: 0 .                             2
            31: 0 .                     1                    2
            32: 0 .    1                                   2
            33: 0 .                                      2
            34: 0 .                                    2
            35: 0 .                                  2
 A          36: 0 .                                2
 1.ASPIRIN       * 1.                 10.                 100.          
                  --I-------------------I--------------------I----------
 2.SALICYLATE    * 1.                 10.                 100.          
                  --I-------------------I--------------------I----------
 PRESC# DAY   HRS .            PLASMA DRUG(TOTAL)   (MG/L) -->
            37: 0 .                     1                     2
            38: 0 .     1                                   2
            39: 0 .1                                      2
            40: 0 .                                     2
            41: 0 .                                    2
            42: 0 .                                   2
            43: 0 .                                 2
            44: 0 .                                2
            45: 0 .                              2
            46: 0 .                             2
            47: 0 .                           2
 A          48: 0 .                         2
 1.ASPIRIN       * 1.                 10.                 100.          
                  --I-------------------I--------------------I----------
 2.SALICYLATE    * 1.                 10.                 100.          
                  --I-------------------I--------------------I----------
 PRESC# DAY   HRS .            PLASMA DRUG(TOTAL)   (MG/L) -->
            49: 0 .                     1                    2
            50: 0 .   1                                   2
            51: 0 .                                     2
            52: 0 .                                   2
            53: 0 .                                 2
 A          54: 0 .                               2
            55: 0 .                      1                    2
            56: 0 .     1                                   2
            57: 0 .                                      2
            58: 0 .                                     2
            59: 0 .                                   2
 A          60: 0 .                                  2
 1.ASPIRIN       * 1.                 10.                 100.          
                  --I-------------------I--------------------I----------
 2.SALICYLATE    * 1.                 10.                 100.          
                  --I-------------------I--------------------I----------
 PRESC# DAY   HRS .            PLASMA DRUG(TOTAL)   (MG/L) -->
            61: 0 .                      1                    2
            62: 0 .     1                                    2
            63: 0 .1                                       2
            64: 0 .                                      2
            65: 0 .                                     2
            66: 0 .                                    2
            67: 0 .                                  2
            68: 0 .                                 2
            69: 0 .                                2
            70: 0 .                              2
            71: 0 .                            2
 A          72: 0 .                           2
 Results at   72:52 (all drug concns. in mg/l)
 
 DRUG TOTAL   PROTEIN   STOMACH   INTES-    INTER-    INTRA-       URINE
 NO.  PLASMA  BOUND(:)              TINE    STITIAL   CELL.       CONC.
 
 
 
 Undissolved drug (mg) in     drug entering
  -STOMACH  -INTESTINE        LARGE INTESTINE (mg/hr)
     .000        .000              50.225
     .000        .000                .009
 
 
 
 RALPH                                                                           
 
 
 
 
 
 
 
 
 
 
